<?xml version="1.0" encoding="UTF-8"?>
<!-- Generated by org.testng.reporters.JUnitXMLReporter -->
<testsuite hostname="C02TG5QYFVH3.local" ignored="0" name="Test" tests="6" failures="0" timestamp="08 一月 2018 15:40:48 GMT" time="165.563" errors="0">
  <testcase name="testApp" time="0.015" classname="com.ui.test.eric.eric_selenium.AppTest"/>
  <testcase name="testLoginFailWithWrongPwd" time="4.279" classname="com.ui.test.eric.eric_selenium.testcase.LoginModel"/>
  <testcase name="testLoginFailWithWrongPwd" time="2.316" classname="com.ui.test.eric.eric_selenium.testcase.LoginModel"/>
  <testcase name="testLoginFailWithWrongPwd" time="1.354" classname="com.ui.test.eric.eric_selenium.testcase.LoginModel"/>
  <testcase name="testLoginSuccess" time="5.266" classname="com.ui.test.eric.eric_selenium.testcase.LoginModel"/>
  <testcase name="testUpdateUserPhone" time="7.336" classname="com.ui.test.eric.eric_selenium.testcase.MyCVEditModel"/>
</testsuite> <!-- Test -->
