<?xml version="1.0" encoding="UTF-8" ?>
<testsuite tests="6" failures="0" name="TestSuite" time="159.655" errors="0" skipped="0">
  <properties>
[...]
</properties>
  <testcase classname="com.ui.test.eric.eric_selenium.AppTest" name="testApp" time="0.005"/>
  <testcase classname="com.ui.test.eric.eric_selenium.testcase.LoginModel" name="testLoginFailWithWrongPwd" time="3.7"/>
  <testcase classname="com.ui.test.eric.eric_selenium.testcase.LoginModel" name="testLoginFailWithWrongPwd" time="1.344"/>
  <testcase classname="com.ui.test.eric.eric_selenium.testcase.LoginModel" name="testLoginFailWithWrongPwd" time="1.077"/>
  <testcase classname="com.ui.test.eric.eric_selenium.testcase.LoginModel" name="testLoginSuccess" time="4.676"/>
  <testcase classname="com.ui.test.eric.eric_selenium.testcase.MyCVEditModel" name="testUpdateUserPhone" time="8.401"/>
</testsuite>