<?xml version="1.0" encoding="UTF-8"?>
<testng-results skipped="0" failed="0" ignored="0" total="6" passed="6">
  <reporter-output>
  </reporter-output>
  <suite name="Suite" duration-ms="158494" started-at="2018-01-13T16:17:16Z" finished-at="2018-01-13T16:19:55Z">
    <groups>
    </groups>
    <test name="Test" duration-ms="158494" started-at="2018-01-13T16:17:16Z" finished-at="2018-01-13T16:19:55Z">
      <class name="com.ui.test.eric.eric_selenium.testcase.MyCVEditModel">
        <test-method status="PASS" signature="bClass()[pri:0, instance:com.ui.test.eric.eric_selenium.testcase.MyCVEditModel@62043840]" name="bClass" is-config="true" duration-ms="3" started-at="2018-01-14T00:19:38Z" finished-at="2018-01-14T00:19:38Z">
          <reporter-output>
          </reporter-output>
        </test-method> <!-- bClass -->
        <test-method status="PASS" signature="bMethod()[pri:0, instance:com.ui.test.eric.eric_selenium.testcase.MyCVEditModel@62043840]" name="bMethod" is-config="true" duration-ms="4863" started-at="2018-01-14T00:19:38Z" finished-at="2018-01-14T00:19:43Z">
          <reporter-output>
          </reporter-output>
        </test-method> <!-- bMethod -->
        <test-method status="PASS" signature="testUpdateUserPhone()[pri:0, instance:com.ui.test.eric.eric_selenium.testcase.MyCVEditModel@62043840]" name="testUpdateUserPhone" duration-ms="8401" started-at="2018-01-14T00:19:43Z" finished-at="2018-01-14T00:19:52Z">
          <reporter-output>
          </reporter-output>
        </test-method> <!-- testUpdateUserPhone -->
        <test-method status="PASS" signature="aMethod()[pri:0, instance:com.ui.test.eric.eric_selenium.testcase.MyCVEditModel@62043840]" name="aMethod" is-config="true" duration-ms="2963" started-at="2018-01-14T00:19:52Z" finished-at="2018-01-14T00:19:55Z">
          <reporter-output>
          </reporter-output>
        </test-method> <!-- aMethod -->
        <test-method status="PASS" signature="aClass()[pri:0, instance:com.ui.test.eric.eric_selenium.testcase.MyCVEditModel@62043840]" name="aClass" is-config="true" duration-ms="0" started-at="2018-01-14T00:19:55Z" finished-at="2018-01-14T00:19:55Z">
          <reporter-output>
          </reporter-output>
        </test-method> <!-- aClass -->
      </class> <!-- com.ui.test.eric.eric_selenium.testcase.MyCVEditModel -->
      <class name="com.ui.test.eric.eric_selenium.testcase.LoginModel">
        <test-method status="PASS" signature="bClass()[pri:0, instance:com.ui.test.eric.eric_selenium.testcase.LoginModel@246ae04d]" name="bClass" is-config="true" duration-ms="3131" started-at="2018-01-14T00:17:16Z" finished-at="2018-01-14T00:17:19Z">
          <reporter-output>
          </reporter-output>
        </test-method> <!-- bClass -->
        <test-method status="PASS" signature="bMethod()[pri:0, instance:com.ui.test.eric.eric_selenium.testcase.LoginModel@246ae04d]" name="bMethod" is-config="true" duration-ms="78827" started-at="2018-01-14T00:17:19Z" finished-at="2018-01-14T00:18:38Z">
          <reporter-output>
          </reporter-output>
        </test-method> <!-- bMethod -->
        <test-method status="PASS" signature="testLoginFailWithWrongPwd(java.lang.String, java.lang.String)[pri:0, instance:com.ui.test.eric.eric_selenium.testcase.LoginModel@246ae04d]" name="testLoginFailWithWrongPwd" duration-ms="3700" started-at="2018-01-14T00:18:38Z" data-provider="my" finished-at="2018-01-14T00:18:42Z">
          <params>
            <param index="0">
              <value>
                <![CDATA[pro_tes@126.com]]>
              </value>
            </param>
            <param index="1">
              <value>
                <![CDATA[333333]]>
              </value>
            </param>
          </params>
          <reporter-output>
          </reporter-output>
        </test-method> <!-- testLoginFailWithWrongPwd -->
        <test-method status="PASS" signature="aMethod()[pri:0, instance:com.ui.test.eric.eric_selenium.testcase.LoginModel@246ae04d]" name="aMethod" is-config="true" duration-ms="11440" started-at="2018-01-14T00:18:42Z" finished-at="2018-01-14T00:18:53Z">
          <reporter-output>
          </reporter-output>
        </test-method> <!-- aMethod -->
        <test-method status="PASS" signature="bMethod()[pri:0, instance:com.ui.test.eric.eric_selenium.testcase.LoginModel@246ae04d]" name="bMethod" is-config="true" duration-ms="1265" started-at="2018-01-14T00:18:53Z" finished-at="2018-01-14T00:18:55Z">
          <reporter-output>
          </reporter-output>
        </test-method> <!-- bMethod -->
        <test-method status="PASS" signature="testLoginFailWithWrongPwd(java.lang.String, java.lang.String)[pri:0, instance:com.ui.test.eric.eric_selenium.testcase.LoginModel@246ae04d]" name="testLoginFailWithWrongPwd" duration-ms="1344" started-at="2018-01-14T00:18:55Z" data-provider="my" finished-at="2018-01-14T00:18:56Z">
          <params>
            <param index="0">
              <value>
                <![CDATA[pro_tes@126.com]]>
              </value>
            </param>
            <param index="1">
              <value>
                <![CDATA[222222]]>
              </value>
            </param>
          </params>
          <reporter-output>
          </reporter-output>
        </test-method> <!-- testLoginFailWithWrongPwd -->
        <test-method status="PASS" signature="aMethod()[pri:0, instance:com.ui.test.eric.eric_selenium.testcase.LoginModel@246ae04d]" name="aMethod" is-config="true" duration-ms="11228" started-at="2018-01-14T00:18:56Z" finished-at="2018-01-14T00:19:07Z">
          <reporter-output>
          </reporter-output>
        </test-method> <!-- aMethod -->
        <test-method status="PASS" signature="bMethod()[pri:0, instance:com.ui.test.eric.eric_selenium.testcase.LoginModel@246ae04d]" name="bMethod" is-config="true" duration-ms="1437" started-at="2018-01-14T00:19:07Z" finished-at="2018-01-14T00:19:09Z">
          <reporter-output>
          </reporter-output>
        </test-method> <!-- bMethod -->
        <test-method status="PASS" signature="testLoginFailWithWrongPwd(java.lang.String, java.lang.String)[pri:0, instance:com.ui.test.eric.eric_selenium.testcase.LoginModel@246ae04d]" name="testLoginFailWithWrongPwd" duration-ms="1077" started-at="2018-01-14T00:19:09Z" data-provider="my" finished-at="2018-01-14T00:19:10Z">
          <params>
            <param index="0">
              <value>
                <![CDATA[pro_tes@126.com]]>
              </value>
            </param>
            <param index="1">
              <value>
                <![CDATA[111111]]>
              </value>
            </param>
          </params>
          <reporter-output>
          </reporter-output>
        </test-method> <!-- testLoginFailWithWrongPwd -->
        <test-method status="PASS" signature="aMethod()[pri:0, instance:com.ui.test.eric.eric_selenium.testcase.LoginModel@246ae04d]" name="aMethod" is-config="true" duration-ms="11243" started-at="2018-01-14T00:19:10Z" finished-at="2018-01-14T00:19:21Z">
          <reporter-output>
          </reporter-output>
        </test-method> <!-- aMethod -->
        <test-method status="PASS" signature="bMethod()[pri:0, instance:com.ui.test.eric.eric_selenium.testcase.LoginModel@246ae04d]" name="bMethod" is-config="true" duration-ms="1406" started-at="2018-01-14T00:19:21Z" finished-at="2018-01-14T00:19:22Z">
          <reporter-output>
          </reporter-output>
        </test-method> <!-- bMethod -->
        <test-method status="PASS" signature="testLoginSuccess(java.lang.String, java.lang.String)[pri:0, instance:com.ui.test.eric.eric_selenium.testcase.LoginModel@246ae04d]" name="testLoginSuccess" duration-ms="4676" started-at="2018-01-14T00:19:22Z" data-provider="my1" finished-at="2018-01-14T00:19:27Z">
          <params>
            <param index="0">
              <value>
                <![CDATA[pro_tes@126.com]]>
              </value>
            </param>
            <param index="1">
              <value>
                <![CDATA[qweqwe123]]>
              </value>
            </param>
          </params>
          <reporter-output>
          </reporter-output>
        </test-method> <!-- testLoginSuccess -->
        <test-method status="PASS" signature="aMethod()[pri:0, instance:com.ui.test.eric.eric_selenium.testcase.LoginModel@246ae04d]" name="aMethod" is-config="true" duration-ms="11324" started-at="2018-01-14T00:19:27Z" finished-at="2018-01-14T00:19:38Z">
          <reporter-output>
          </reporter-output>
        </test-method> <!-- aMethod -->
        <test-method status="PASS" signature="aClass()[pri:0, instance:com.ui.test.eric.eric_selenium.testcase.LoginModel@246ae04d]" name="aClass" is-config="true" duration-ms="1" started-at="2018-01-14T00:19:38Z" finished-at="2018-01-14T00:19:38Z">
          <reporter-output>
          </reporter-output>
        </test-method> <!-- aClass -->
      </class> <!-- com.ui.test.eric.eric_selenium.testcase.LoginModel -->
      <class name="com.ui.test.eric.eric_selenium.AppTest">
        <test-method status="PASS" signature="testApp()[pri:0, instance:com.ui.test.eric.eric_selenium.AppTest@2c6a3f77]" name="testApp" duration-ms="6" started-at="2018-01-14T00:17:16Z" finished-at="2018-01-14T00:17:16Z">
          <reporter-output>
          </reporter-output>
        </test-method> <!-- testApp -->
      </class> <!-- com.ui.test.eric.eric_selenium.AppTest -->
    </test> <!-- Test -->
  </suite> <!-- Suite -->
</testng-results>
