<?xml version="1.0" encoding="UTF-8"?>
<!-- Generated by org.testng.reporters.JUnitXMLReporter -->
<testsuite hostname="C02TG5QYFVH3.local" ignored="0" name="Test" tests="6" failures="0" timestamp="13 一月 2018 16:19:55 GMT" time="158.494" errors="0">
  <testcase name="testApp" time="0.006" classname="com.ui.test.eric.eric_selenium.AppTest"/>
  <testcase name="testLoginFailWithWrongPwd" time="3.7" classname="com.ui.test.eric.eric_selenium.testcase.LoginModel"/>
  <testcase name="testLoginFailWithWrongPwd" time="1.344" classname="com.ui.test.eric.eric_selenium.testcase.LoginModel"/>
  <testcase name="testLoginFailWithWrongPwd" time="1.077" classname="com.ui.test.eric.eric_selenium.testcase.LoginModel"/>
  <testcase name="testLoginSuccess" time="4.676" classname="com.ui.test.eric.eric_selenium.testcase.LoginModel"/>
  <testcase name="testUpdateUserPhone" time="8.401" classname="com.ui.test.eric.eric_selenium.testcase.MyCVEditModel"/>
</testsuite> <!-- Test -->
