<?xml version="1.0" encoding="UTF-8"?>
<!-- Generated by org.testng.reporters.JUnitXMLReporter -->
<testsuite hostname="C02TG5QYFVH3.local" ignored="0" name="Default test" tests="4" failures="0" timestamp="08 一月 2018 18:17:51 GMT" time="164.735" errors="0">
  <testcase name="testLoginFailWithWrongPwd" time="4.773" classname="com.ui.test.eric.eric_selenium.testcase.LoginModel"/>
  <testcase name="testLoginFailWithWrongPwd" time="2.305" classname="com.ui.test.eric.eric_selenium.testcase.LoginModel"/>
  <testcase name="testLoginFailWithWrongPwd" time="13.917" classname="com.ui.test.eric.eric_selenium.testcase.LoginModel"/>
  <testcase name="testLoginSuccess" time="6.75" classname="com.ui.test.eric.eric_selenium.testcase.LoginModel"/>
</testsuite> <!-- Default test -->
